2016/06/15 11:16:03 INFO  - jmeter.util.JMeterUtils: Setting Locale to pl_PL 
2016/06/15 11:16:03 INFO  - jmeter.util.JMeterUtils: Could not find resources for 'pl_PL', using 'pl' 
2016/06/15 11:16:03 INFO  - jmeter.JMeter: Loading user properties from: /usr/share/jmeter/bin/user.properties 
2016/06/15 11:16:03 INFO  - jmeter.JMeter: Loading system properties from: /usr/share/jmeter/bin/system.properties 
2016/06/15 11:16:03 INFO  - jmeter.JMeter: Copyright (c) 1998-2012 The Apache Software Foundation 
2016/06/15 11:16:03 INFO  - jmeter.JMeter: Version 2.8.20130705 
2016/06/15 11:16:03 INFO  - jmeter.JMeter: java.version=1.8.0_77 
2016/06/15 11:16:03 INFO  - jmeter.JMeter: java.vm.name=Java HotSpot(TM) 64-Bit Server VM 
2016/06/15 11:16:03 INFO  - jmeter.JMeter: os.name=Linux 
2016/06/15 11:16:03 INFO  - jmeter.JMeter: os.arch=amd64 
2016/06/15 11:16:03 INFO  - jmeter.JMeter: os.version=3.16.0-34-generic 
2016/06/15 11:16:03 INFO  - jmeter.JMeter: file.encoding=UTF-8 
2016/06/15 11:16:03 INFO  - jmeter.JMeter: Default Locale=polski (Polska) 
2016/06/15 11:16:03 INFO  - jmeter.JMeter: JMeter  Locale=polski (Polska) 
2016/06/15 11:16:03 INFO  - jmeter.JMeter: JMeterHome=/usr/share/jmeter 
2016/06/15 11:16:03 INFO  - jmeter.JMeter: user.dir  =/home/michal/webdev/FeedMe 
2016/06/15 11:16:03 INFO  - jmeter.JMeter: PWD       =/home/michal/webdev/FeedMe 
2016/06/15 11:16:03 INFO  - jmeter.JMeter: IP: 127.0.1.1 Name: michal-Inspiron-3542 FullName: michal-Inspiron-3542 
2016/06/15 11:16:03 INFO  - jmeter.JMeter: Loaded icon properties from org/apache/jmeter/images/icon.properties 
2016/06/15 11:16:06 INFO  - jmeter.engine.util.CompoundVariable: Note: Function class names must contain the string: '.functions.' 
2016/06/15 11:16:06 INFO  - jmeter.engine.util.CompoundVariable: Note: Function class names must not contain the string: '.gui.' 
2016/06/15 11:16:07 INFO  - jmeter.gui.action.LookAndFeelCommand: Using look and feel: javax.swing.plaf.metal.MetalLookAndFeel [Metal, CrossPlatform] 
2016/06/15 11:16:08 INFO  - jmeter.util.BSFTestElement: Registering JMeter version of JavaScript engine as work-round for BSF-22 
2016/06/15 11:16:08 INFO  - jmeter.protocol.http.sampler.HTTPSamplerBase: Cannot find .className property for htmlParser, using default 
2016/06/15 11:16:08 INFO  - jmeter.protocol.http.sampler.HTTPSamplerBase: Parser for text/html is  
2016/06/15 11:16:08 INFO  - jmeter.protocol.http.sampler.HTTPSamplerBase: Parser for application/xhtml+xml is  
2016/06/15 11:16:08 INFO  - jmeter.protocol.http.sampler.HTTPSamplerBase: Parser for application/xml is  
2016/06/15 11:16:08 INFO  - jmeter.protocol.http.sampler.HTTPSamplerBase: Parser for text/xml is  
2016/06/15 11:16:08 INFO  - jmeter.protocol.http.sampler.HTTPSamplerBase: Parser for text/vnd.wap.wml is org.apache.jmeter.protocol.http.parser.RegexpHTMLParser 
2016/06/15 11:16:08 INFO  - jmeter.protocol.http.sampler.HTTPSamplerBase: Reuse SSL session context on subsequent iterations: true 
2016/06/15 11:16:09 INFO  - jmeter.gui.util.MenuFactory: Skipping org.apache.jmeter.protocol.http.modifier.gui.ParamModifierGui 
2016/06/15 11:16:09 INFO  - jmeter.samplers.SampleResult: Note: Sample TimeStamps are START times 
2016/06/15 11:16:09 INFO  - jmeter.samplers.SampleResult: sampleresult.default.encoding is set to ISO-8859-1 
2016/06/15 11:16:09 INFO  - jmeter.samplers.SampleResult: sampleresult.useNanoTime=true 
2016/06/15 11:16:09 INFO  - jmeter.samplers.SampleResult: sampleresult.nanoThreadSleep=5000 
2016/06/15 11:16:14 INFO  - jmeter.services.FileServer: Default base='/home/michal/webdev/FeedMe' 
